build/app/intermediates/manifest_merge_blame_file/release/manifest-merger-blame-release-report.txt
1<?xml version="1.0" encoding="utf-8"?>
2<manifest xmlns:android="http://schemas.android.com/apk/res/android"
3    package="com.webdevwithus.the_master_app"
4    android:versionCode="1"
5    android:versionName="1.0.0" >
6
7    <uses-sdk
8        android:minSdkVersion="16"
8-->src/main/AndroidManifest.xml
9        android:targetSdkVersion="29" />
9-->src/main/AndroidManifest.xml
10    <!--
11         io.flutter.app.FlutterApplication is an android.app.Application that
12         calls FlutterMain.startInitialization(this); in its onCreate method.
13         In most cases you can leave this as-is, but you if you want to provide
14         additional functionality it is fine to subclass or reimplement
15         FlutterApplication and put your custom class here.
16    -->
17
18    <uses-permission android:name="android.permission.INTERNET" />
18-->src/main/AndroidManifest.xml:9:5-67
18-->src/main/AndroidManifest.xml:9:22-64
19    <uses-permission android:name="android.permission.CAMERA" />
19-->src/main/AndroidManifest.xml:10:5-65
19-->src/main/AndroidManifest.xml:10:22-62
20    <uses-permission android:name="android.permission.WRITE_EXTERNAL_STORAGE" />
20-->src/main/AndroidManifest.xml:11:5-80
20-->src/main/AndroidManifest.xml:11:22-78
21    <uses-permission android:name="android.permission.READ_EXTERNAL_STORAGE" />
21-->src/main/AndroidManifest.xml:12:5-79
21-->src/main/AndroidManifest.xml:12:22-77
22    <uses-permission android:name="android.permission.ACCESS_NETWORK_STATE" />
22-->src/main/AndroidManifest.xml:13:5-79
22-->src/main/AndroidManifest.xml:13:22-76
23    <uses-permission android:name="android.permission.QUERY_ALL_PACKAGES" />
23-->[:device_apps] AndroidManifest.xml:7:5-77
23-->[:device_apps] AndroidManifest.xml:7:22-74
24    <uses-permission android:name="android.permission.VIBRATE" />
24-->[:qrscan] AndroidManifest.xml:8:5-66
24-->[:qrscan] AndroidManifest.xml:8:22-63
25    <uses-permission android:name="android.permission.FLASHLIGHT" />
25-->[:qrscan] AndroidManifest.xml:9:5-69
25-->[:qrscan] AndroidManifest.xml:9:22-66
26
27    <uses-feature android:name="android.hardware.camera" />
27-->[:qrscan] AndroidManifest.xml:11:5-60
27-->[:qrscan] AndroidManifest.xml:11:19-57
28    <uses-feature android:name="android.hardware.camera.autofocus" />
28-->[:qrscan] AndroidManifest.xml:12:5-70
28-->[:qrscan] AndroidManifest.xml:12:19-67
29
30    <uses-permission android:name="android.permission.WAKE_LOCK" /> <!-- Required by older versions of Google Play services to create IID tokens -->
30-->[:qrscan] AndroidManifest.xml:14:5-68
30-->[:qrscan] AndroidManifest.xml:14:22-65
31    <uses-permission android:name="com.google.android.c2dm.permission.RECEIVE" />
31-->[com.google.firebase:firebase-iid:20.2.3] AndroidManifest.xml:26:5-82
31-->[com.google.firebase:firebase-iid:20.2.3] AndroidManifest.xml:26:22-79
32    <uses-permission android:name="com.google.android.finsky.permission.BIND_GET_INSTALL_REFERRER_SERVICE" />
32-->[com.google.android.gms:play-services-measurement:17.5.0] AndroidManifest.xml:26:5-110
32-->[com.google.android.gms:play-services-measurement:17.5.0] AndroidManifest.xml:26:22-107
33
34    <application
34-->src/main/AndroidManifest.xml:14:5-61:19
35        android:name="com.webdevwithus.the_master_app.Application"
35-->src/main/AndroidManifest.xml:16:9-36
36        android:allowBackup="true"
36-->[:qrscan] AndroidManifest.xml:20:9-35
37        android:appComponentFactory="androidx.core.app.CoreComponentFactory"
37-->[androidx.core:core:1.1.0] AndroidManifest.xml:24:18-86
38        android:configChanges="orientation|keyboardHidden"
38-->[:qrscan] AndroidManifest.xml:21:9-59
39        android:icon="@mipmap/ic_launcher"
39-->src/main/AndroidManifest.xml:18:9-43
40        android:label="SHERA"
40-->src/main/AndroidManifest.xml:17:9-30
41        android:screenOrientation="portrait"
41-->[:qrscan] AndroidManifest.xml:23:9-45
42        android:supportsRtl="true"
42-->[:qrscan] AndroidManifest.xml:24:9-35
43        android:theme="@style/Theme.AppCompat.NoActionBar"
43-->[:qrscan] AndroidManifest.xml:25:9-59
44        android:windowSoftInputMode="stateAlwaysHidden" >
44-->[:qrscan] AndroidManifest.xml:26:9-56
45        <activity
45-->src/main/AndroidManifest.xml:19:9-53:20
46            android:name="com.webdevwithus.the_master_app.MainActivity"
46-->src/main/AndroidManifest.xml:20:13-41
47            android:configChanges="orientation|keyboardHidden|keyboard|screenSize|smallestScreenSize|locale|layoutDirection|fontScale|screenLayout|density|uiMode"
47-->src/main/AndroidManifest.xml:23:13-163
48            android:hardwareAccelerated="true"
48-->src/main/AndroidManifest.xml:24:13-47
49            android:launchMode="singleTop"
49-->src/main/AndroidManifest.xml:21:13-43
50            android:theme="@style/LaunchTheme"
50-->src/main/AndroidManifest.xml:22:13-47
51            android:windowSoftInputMode="adjustResize" >
51-->src/main/AndroidManifest.xml:25:13-55
52
53            <!--
54                 Specifies an Android theme to apply to this Activity as soon as
55                 the Android process has started. This theme is visible to the user
56                 while the Flutter UI initializes. After that, this theme continues
57                 to determine the Window background behind the Flutter UI.
58            -->
59            <meta-data
59-->src/main/AndroidManifest.xml:30:13-33:17
60                android:name="io.flutter.embedding.android.NormalTheme"
60-->src/main/AndroidManifest.xml:31:15-70
61                android:resource="@style/NormalTheme" />
61-->src/main/AndroidManifest.xml:32:15-52
62
63            <!--
64                 Displays an Android View that continues showing the launch screen
65                 Drawable until Flutter paints its first frame, then this splash
66                 screen fades out. A splash screen is useful to avoid any visual
67                 gap between the end of Android's launch screen and the painting of
68                 Flutter's first frame.
69            -->
70            <meta-data
70-->src/main/AndroidManifest.xml:40:13-43:17
71                android:name="io.flutter.embedding.android.SplashScreenDrawable"
71-->src/main/AndroidManifest.xml:41:15-79
72                android:resource="@drawable/launch_background" />
72-->src/main/AndroidManifest.xml:42:15-61
73
74            <intent-filter>
74-->src/main/AndroidManifest.xml:44:13-47:29
75                <action android:name="android.intent.action.MAIN" />
75-->src/main/AndroidManifest.xml:45:17-68
75-->src/main/AndroidManifest.xml:45:25-66
76
77                <category android:name="android.intent.category.LAUNCHER" />
77-->src/main/AndroidManifest.xml:46:17-76
77-->src/main/AndroidManifest.xml:46:27-74
78            </intent-filter>
79            <intent-filter>
79-->src/main/AndroidManifest.xml:49:13-52:29
80                <action android:name="FLUTTER_NOTIFICATION_CLICK" />
80-->src/main/AndroidManifest.xml:50:17-69
80-->src/main/AndroidManifest.xml:50:25-66
81
82                <category android:name="android.intent.category.DEFAULT" />
82-->src/main/AndroidManifest.xml:51:17-76
82-->src/main/AndroidManifest.xml:51:27-73
83            </intent-filter>
84        </activity>
85        <!--
86             Don't delete the meta-data below.
87             This is used by the Flutter tool to generate GeneratedPluginRegistrant.java
88        -->
89        <meta-data
89-->src/main/AndroidManifest.xml:56:9-58:33
90            android:name="flutterEmbedding"
90-->src/main/AndroidManifest.xml:57:13-44
91            android:value="2" />
91-->src/main/AndroidManifest.xml:58:13-30
92
93        <service android:name="io.flutter.plugins.firebasemessaging.FlutterFirebaseMessagingService" >
93-->[:firebase_messaging] AndroidManifest.xml:8:9-12:19
93-->[:firebase_messaging] AndroidManifest.xml:8:18-101
94            <intent-filter>
94-->[:firebase_messaging] AndroidManifest.xml:9:13-11:29
95                <action android:name="com.google.firebase.MESSAGING_EVENT" />
95-->[:firebase_messaging] AndroidManifest.xml:10:17-78
95-->[:firebase_messaging] AndroidManifest.xml:10:25-75
96            </intent-filter>
97        </service>
98        <service
98-->[:firebase_messaging] AndroidManifest.xml:13:9-17:19
99            android:name="com.google.firebase.components.ComponentDiscoveryService"
99-->[:firebase_messaging] AndroidManifest.xml:13:18-89
100            android:directBootAware="true"
100-->[com.google.firebase:firebase-common:19.3.0] AndroidManifest.xml:34:13-43
101            android:exported="false" >
101-->[com.google.firebase:firebase-messaging:20.2.4] AndroidManifest.xml:38:13-37
102            <meta-data
102-->[:firebase_messaging] AndroidManifest.xml:14:13-16:85
103                android:name="com.google.firebase.components:io.flutter.plugins.firebasemessaging.FlutterFirebaseAppRegistrar"
103-->[:firebase_messaging] AndroidManifest.xml:15:17-127
104                android:value="com.google.firebase.components.ComponentRegistrar" />
104-->[:firebase_messaging] AndroidManifest.xml:16:17-82
105            <meta-data
105-->[:cloud_firestore] AndroidManifest.xml:9:13-11:85
106                android:name="com.google.firebase.components:io.flutter.plugins.firebase.firestore.FlutterFirebaseFirestoreRegistrar"
106-->[:cloud_firestore] AndroidManifest.xml:10:17-134
107                android:value="com.google.firebase.components.ComponentRegistrar" />
107-->[:cloud_firestore] AndroidManifest.xml:11:17-82
108            <meta-data
108-->[:firebase_core] AndroidManifest.xml:9:13-11:85
109                android:name="com.google.firebase.components:io.flutter.plugins.firebase.core.FlutterFirebaseCoreRegistrar"
109-->[:firebase_core] AndroidManifest.xml:10:17-124
110                android:value="com.google.firebase.components.ComponentRegistrar" />
110-->[:firebase_core] AndroidManifest.xml:11:17-82
111            <meta-data
111-->[com.google.firebase:firebase-messaging:20.2.4] AndroidManifest.xml:39:13-41:85
112                android:name="com.google.firebase.components:com.google.firebase.messaging.FirebaseMessagingRegistrar"
112-->[com.google.firebase:firebase-messaging:20.2.4] AndroidManifest.xml:40:17-119
113                android:value="com.google.firebase.components.ComponentRegistrar" />
113-->[com.google.firebase:firebase-messaging:20.2.4] AndroidManifest.xml:41:17-82
114            <meta-data
114-->[com.google.firebase:firebase-iid:20.2.3] AndroidManifest.xml:32:13-34:85
115                android:name="com.google.firebase.components:com.google.firebase.iid.Registrar"
115-->[com.google.firebase:firebase-iid:20.2.3] AndroidManifest.xml:33:17-96
116                android:value="com.google.firebase.components.ComponentRegistrar" />
116-->[com.google.firebase:firebase-iid:20.2.3] AndroidManifest.xml:34:17-82
117            <meta-data
117-->[com.google.android.gms:play-services-measurement-api:17.5.0] AndroidManifest.xml:30:13-32:85
118                android:name="com.google.firebase.components:com.google.firebase.analytics.connector.internal.AnalyticsConnectorRegistrar"
118-->[com.google.android.gms:play-services-measurement-api:17.5.0] AndroidManifest.xml:31:17-139
119                android:value="com.google.firebase.components.ComponentRegistrar" />
119-->[com.google.android.gms:play-services-measurement-api:17.5.0] AndroidManifest.xml:32:17-82
120            <meta-data
120-->[com.google.firebase:firebase-datatransport:17.0.3] AndroidManifest.xml:28:13-30:85
121                android:name="com.google.firebase.components:com.google.firebase.datatransport.TransportRegistrar"
121-->[com.google.firebase:firebase-datatransport:17.0.3] AndroidManifest.xml:29:17-115
122                android:value="com.google.firebase.components.ComponentRegistrar" />
122-->[com.google.firebase:firebase-datatransport:17.0.3] AndroidManifest.xml:30:17-82
123            <meta-data
123-->[com.google.firebase:firebase-installations:16.3.3] AndroidManifest.xml:17:13-19:85
124                android:name="com.google.firebase.components:com.google.firebase.installations.FirebaseInstallationsRegistrar"
124-->[com.google.firebase:firebase-installations:16.3.3] AndroidManifest.xml:18:17-127
125                android:value="com.google.firebase.components.ComponentRegistrar" />
125-->[com.google.firebase:firebase-installations:16.3.3] AndroidManifest.xml:19:17-82
126            <meta-data
126-->[com.google.firebase:firebase-firestore:21.4.3] AndroidManifest.xml:20:13-22:85
127                android:name="com.google.firebase.components:com.google.firebase.firestore.FirestoreRegistrar"
127-->[com.google.firebase:firebase-firestore:21.4.3] AndroidManifest.xml:21:17-111
128                android:value="com.google.firebase.components.ComponentRegistrar" />
128-->[com.google.firebase:firebase-firestore:21.4.3] AndroidManifest.xml:22:17-82
129        </service>
130        <!--
131             FirebaseMessagingService performs security checks at runtime,
132             but set to not exported to explicitly avoid allowing another app to call it.
133        -->
134        <service
134-->[com.google.firebase:firebase-messaging:20.2.4] AndroidManifest.xml:28:9-35:19
135            android:name="com.google.firebase.messaging.FirebaseMessagingService"
135-->[com.google.firebase:firebase-messaging:20.2.4] AndroidManifest.xml:29:13-82
136            android:directBootAware="true"
136-->[com.google.firebase:firebase-messaging:20.2.4] AndroidManifest.xml:30:13-43
137            android:exported="false" >
137-->[com.google.firebase:firebase-messaging:20.2.4] AndroidManifest.xml:31:13-37
138            <intent-filter android:priority="-500" >
138-->[:firebase_messaging] AndroidManifest.xml:9:13-11:29
139                <action android:name="com.google.firebase.MESSAGING_EVENT" />
139-->[:firebase_messaging] AndroidManifest.xml:10:17-78
139-->[:firebase_messaging] AndroidManifest.xml:10:25-75
140            </intent-filter>
141        </service>
142
143        <provider
143-->[:image_picker] AndroidManifest.xml:11:9-19:20
144            android:name="io.flutter.plugins.imagepicker.ImagePickerFileProvider"
144-->[:image_picker] AndroidManifest.xml:12:13-82
145            android:authorities="com.webdevwithus.the_master_app.flutter.image_provider"
145-->[:image_picker] AndroidManifest.xml:13:13-74
146            android:exported="false"
146-->[:image_picker] AndroidManifest.xml:14:13-37
147            android:grantUriPermissions="true" >
147-->[:image_picker] AndroidManifest.xml:15:13-47
148            <meta-data
148-->[:image_picker] AndroidManifest.xml:16:13-18:75
149                android:name="android.support.FILE_PROVIDER_PATHS"
149-->[:image_picker] AndroidManifest.xml:17:17-67
150                android:resource="@xml/flutter_image_picker_file_paths" />
150-->[:image_picker] AndroidManifest.xml:18:17-72
151        </provider>
152
153        <activity
153-->[:url_launcher] AndroidManifest.xml:8:9-11:74
154            android:name="io.flutter.plugins.urllauncher.WebViewActivity"
154-->[:url_launcher] AndroidManifest.xml:9:13-74
155            android:exported="false"
155-->[:url_launcher] AndroidManifest.xml:10:13-37
156            android:theme="@android:style/Theme.NoTitleBar.Fullscreen" />
156-->[:url_launcher] AndroidManifest.xml:11:13-71
157        <activity android:name="com.shinow.qrscan.SecondActivity" />
157-->[:qrscan] AndroidManifest.xml:27:9-69
157-->[:qrscan] AndroidManifest.xml:27:19-66
158
159        <receiver
159-->[com.google.firebase:firebase-iid:20.2.3] AndroidManifest.xml:37:9-44:20
160            android:name="com.google.firebase.iid.FirebaseInstanceIdReceiver"
160-->[com.google.firebase:firebase-iid:20.2.3] AndroidManifest.xml:38:13-78
161            android:exported="true"
161-->[com.google.firebase:firebase-iid:20.2.3] AndroidManifest.xml:39:13-36
162            android:permission="com.google.android.c2dm.permission.SEND" >
162-->[com.google.firebase:firebase-iid:20.2.3] AndroidManifest.xml:40:13-73
163            <intent-filter>
163-->[com.google.firebase:firebase-iid:20.2.3] AndroidManifest.xml:41:13-43:29
164                <action android:name="com.google.android.c2dm.intent.RECEIVE" />
164-->[com.google.firebase:firebase-iid:20.2.3] AndroidManifest.xml:42:17-81
164-->[com.google.firebase:firebase-iid:20.2.3] AndroidManifest.xml:42:25-78
165            </intent-filter>
166        </receiver>
167        <receiver
167-->[com.google.android.gms:play-services-measurement:17.5.0] AndroidManifest.xml:29:9-33:20
168            android:name="com.google.android.gms.measurement.AppMeasurementReceiver"
168-->[com.google.android.gms:play-services-measurement:17.5.0] AndroidManifest.xml:30:13-85
169            android:enabled="true"
169-->[com.google.android.gms:play-services-measurement:17.5.0] AndroidManifest.xml:31:13-35
170            android:exported="false" >
170-->[com.google.android.gms:play-services-measurement:17.5.0] AndroidManifest.xml:32:13-37
171        </receiver>
172
173        <service
173-->[com.google.android.gms:play-services-measurement:17.5.0] AndroidManifest.xml:35:9-38:40
174            android:name="com.google.android.gms.measurement.AppMeasurementService"
174-->[com.google.android.gms:play-services-measurement:17.5.0] AndroidManifest.xml:36:13-84
175            android:enabled="true"
175-->[com.google.android.gms:play-services-measurement:17.5.0] AndroidManifest.xml:37:13-35
176            android:exported="false" />
176-->[com.google.android.gms:play-services-measurement:17.5.0] AndroidManifest.xml:38:13-37
177        <service
177-->[com.google.android.gms:play-services-measurement:17.5.0] AndroidManifest.xml:39:9-43:72
178            android:name="com.google.android.gms.measurement.AppMeasurementJobService"
178-->[com.google.android.gms:play-services-measurement:17.5.0] AndroidManifest.xml:40:13-87
179            android:enabled="true"
179-->[com.google.android.gms:play-services-measurement:17.5.0] AndroidManifest.xml:41:13-35
180            android:exported="false"
180-->[com.google.android.gms:play-services-measurement:17.5.0] AndroidManifest.xml:42:13-37
181            android:permission="android.permission.BIND_JOB_SERVICE" />
181-->[com.google.android.gms:play-services-measurement:17.5.0] AndroidManifest.xml:43:13-69
182
183        <provider
183-->[com.google.firebase:firebase-common:19.3.0] AndroidManifest.xml:26:9-30:39
184            android:name="com.google.firebase.provider.FirebaseInitProvider"
184-->[com.google.firebase:firebase-common:19.3.0] AndroidManifest.xml:27:13-77
185            android:authorities="com.webdevwithus.the_master_app.firebaseinitprovider"
185-->[com.google.firebase:firebase-common:19.3.0] AndroidManifest.xml:28:13-72
186            android:exported="false"
186-->[com.google.firebase:firebase-common:19.3.0] AndroidManifest.xml:29:13-37
187            android:initOrder="100" />
187-->[com.google.firebase:firebase-common:19.3.0] AndroidManifest.xml:30:13-36
188
189        <activity
189-->[com.google.android.gms:play-services-base:17.0.0] AndroidManifest.xml:23:9-26:75
190            android:name="com.google.android.gms.common.api.GoogleApiActivity"
190-->[com.google.android.gms:play-services-base:17.0.0] AndroidManifest.xml:24:13-79
191            android:exported="false"
191-->[com.google.android.gms:play-services-base:17.0.0] AndroidManifest.xml:25:13-37
192            android:theme="@android:style/Theme.Translucent.NoTitleBar" />
192-->[com.google.android.gms:play-services-base:17.0.0] AndroidManifest.xml:26:13-72
193
194        <meta-data
194-->[com.google.android.gms:play-services-basement:17.0.0] AndroidManifest.xml:23:9-25:69
195            android:name="com.google.android.gms.version"
195-->[com.google.android.gms:play-services-basement:17.0.0] AndroidManifest.xml:24:13-58
196            android:value="@integer/google_play_services_version" />
196-->[com.google.android.gms:play-services-basement:17.0.0] AndroidManifest.xml:25:13-66
197
198        <activity
198-->[com.github.leyan95:android-zxingLibrary:0.1.2-PRE] AndroidManifest.xml:14:9-19:63
199            android:name="com.uuzuche.lib_zxing.activity.CaptureActivity"
199-->[com.github.leyan95:android-zxingLibrary:0.1.2-PRE] AndroidManifest.xml:15:13-74
200            android:configChanges="orientation|keyboardHidden"
200-->[com.github.leyan95:android-zxingLibrary:0.1.2-PRE] AndroidManifest.xml:16:13-63
201            android:screenOrientation="portrait"
201-->[com.github.leyan95:android-zxingLibrary:0.1.2-PRE] AndroidManifest.xml:17:13-49
202            android:theme="@style/Theme.AppCompat.NoActionBar"
202-->[com.github.leyan95:android-zxingLibrary:0.1.2-PRE] AndroidManifest.xml:18:13-63
203            android:windowSoftInputMode="stateAlwaysHidden" />
203-->[com.github.leyan95:android-zxingLibrary:0.1.2-PRE] AndroidManifest.xml:19:13-60
204
205        <service
205-->[com.google.android.datatransport:transport-backend-cct:2.2.0] AndroidManifest.xml:29:9-35:19
206            android:name="com.google.android.datatransport.runtime.backends.TransportBackendDiscovery"
206-->[com.google.android.datatransport:transport-backend-cct:2.2.0] AndroidManifest.xml:30:13-103
207            android:exported="false" >
207-->[com.google.android.datatransport:transport-backend-cct:2.2.0] AndroidManifest.xml:31:13-37
208            <meta-data
208-->[com.google.android.datatransport:transport-backend-cct:2.2.0] AndroidManifest.xml:32:13-34:39
209                android:name="backend:com.google.android.datatransport.cct.CctBackendFactory"
209-->[com.google.android.datatransport:transport-backend-cct:2.2.0] AndroidManifest.xml:33:17-94
210                android:value="cct" />
210-->[com.google.android.datatransport:transport-backend-cct:2.2.0] AndroidManifest.xml:34:17-36
211        </service>
212        <service
212-->[com.google.android.datatransport:transport-runtime:2.2.0] AndroidManifest.xml:26:9-30:19
213            android:name="com.google.android.datatransport.runtime.scheduling.jobscheduling.JobInfoSchedulerService"
213-->[com.google.android.datatransport:transport-runtime:2.2.0] AndroidManifest.xml:27:13-117
214            android:exported="false"
214-->[com.google.android.datatransport:transport-runtime:2.2.0] AndroidManifest.xml:28:13-37
215            android:permission="android.permission.BIND_JOB_SERVICE" >
215-->[com.google.android.datatransport:transport-runtime:2.2.0] AndroidManifest.xml:29:13-69
216        </service>
217
218        <receiver
218-->[com.google.android.datatransport:transport-runtime:2.2.0] AndroidManifest.xml:32:9-34:40
219            android:name="com.google.android.datatransport.runtime.scheduling.jobscheduling.AlarmManagerSchedulerBroadcastReceiver"
219-->[com.google.android.datatransport:transport-runtime:2.2.0] AndroidManifest.xml:33:13-132
220            android:exported="false" />
220-->[com.google.android.datatransport:transport-runtime:2.2.0] AndroidManifest.xml:34:13-37
221
222        <provider
222-->[com.squareup.picasso:picasso:2.71828] AndroidManifest.xml:8:9-11:40
223            android:name="com.squareup.picasso.PicassoProvider"
223-->[com.squareup.picasso:picasso:2.71828] AndroidManifest.xml:9:13-64
224            android:authorities="com.webdevwithus.the_master_app.com.squareup.picasso"
224-->[com.squareup.picasso:picasso:2.71828] AndroidManifest.xml:10:13-72
225            android:exported="false" />
225-->[com.squareup.picasso:picasso:2.71828] AndroidManifest.xml:11:13-37
226    </application>
227
228</manifest>